CRITICAL - 2026-01-30 07:33:59 --> CodeIgniter\View\Exceptions\ViewException: Invalid file: "Admin\dashoard-insight.php"
[Method: GET, Route: admin/dashboard-insight]
in SYSTEMPATH\Exceptions\FrameworkException.php on line 39.
 1 SYSTEMPATH\View\View.php(214): CodeIgniter\Exceptions\FrameworkException::forInvalidFile('Admin\\dashoard-insight.php')
 2 SYSTEMPATH\Common.php(1199): CodeIgniter\View\View->render('Admin\\dashoard-insight', [], true)
 3 APPPATH\Controllers\Admin\DashboardInsightController.php(10): view('Admin\\dashoard-insight')
 4 SYSTEMPATH\CodeIgniter.php(933): App\Controllers\Admin\DashboardInsightController->index()
 5 SYSTEMPATH\CodeIgniter.php(507): CodeIgniter\CodeIgniter->runController(Object(App\Controllers\Admin\DashboardInsightController))
 6 SYSTEMPATH\CodeIgniter.php(354): CodeIgniter\CodeIgniter->handleRequest(null, Object(Config\Cache), false)
 7 SYSTEMPATH\Boot.php(363): CodeIgniter\CodeIgniter->run()
 8 SYSTEMPATH\Boot.php(68): CodeIgniter\Boot::runCodeIgniter(Object(CodeIgniter\CodeIgniter))
 9 FCPATH\index.php(59): CodeIgniter\Boot::bootWeb(Object(Config\Paths))
CRITICAL - 2026-01-30 07:36:37 --> CodeIgniter\View\Exceptions\ViewException: Invalid file: "Admin\orang-tua.php"
[Method: GET, Route: admin/orangtua]
in SYSTEMPATH\Exceptions\FrameworkException.php on line 39.
 1 SYSTEMPATH\View\View.php(214): CodeIgniter\Exceptions\FrameworkException::forInvalidFile('Admin\\orang-tua.php')
 2 SYSTEMPATH\Common.php(1199): CodeIgniter\View\View->render('Admin\\orang-tua', [], true)
 3 APPPATH\Controllers\Admin\OrangTuaController.php(10): view('Admin\\orang-tua')
 4 SYSTEMPATH\CodeIgniter.php(933): App\Controllers\Admin\OrangTuaController->index()
 5 SYSTEMPATH\CodeIgniter.php(507): CodeIgniter\CodeIgniter->runController(Object(App\Controllers\Admin\OrangTuaController))
 6 SYSTEMPATH\CodeIgniter.php(354): CodeIgniter\CodeIgniter->handleRequest(null, Object(Config\Cache), false)
 7 SYSTEMPATH\Boot.php(363): CodeIgniter\CodeIgniter->run()
 8 SYSTEMPATH\Boot.php(68): CodeIgniter\Boot::runCodeIgniter(Object(CodeIgniter\CodeIgniter))
 9 FCPATH\index.php(59): CodeIgniter\Boot::bootWeb(Object(Config\Paths))
CRITICAL - 2026-01-30 07:36:54 --> CodeIgniter\View\Exceptions\ViewException: Invalid file: "Admin\orang-tua.php"
[Method: GET, Route: admin/orangtua]
in SYSTEMPATH\Exceptions\FrameworkException.php on line 39.
 1 SYSTEMPATH\View\View.php(214): CodeIgniter\Exceptions\FrameworkException::forInvalidFile('Admin\\orang-tua.php')
 2 SYSTEMPATH\Common.php(1199): CodeIgniter\View\View->render('Admin\\orang-tua', [], true)
 3 APPPATH\Controllers\Admin\OrangTuaController.php(10): view('Admin\\orang-tua')
 4 SYSTEMPATH\CodeIgniter.php(933): App\Controllers\Admin\OrangTuaController->index()
 5 SYSTEMPATH\CodeIgniter.php(507): CodeIgniter\CodeIgniter->runController(Object(App\Controllers\Admin\OrangTuaController))
 6 SYSTEMPATH\CodeIgniter.php(354): CodeIgniter\CodeIgniter->handleRequest(null, Object(Config\Cache), false)
 7 SYSTEMPATH\Boot.php(363): CodeIgniter\CodeIgniter->run()
 8 SYSTEMPATH\Boot.php(68): CodeIgniter\Boot::runCodeIgniter(Object(CodeIgniter\CodeIgniter))
 9 FCPATH\index.php(59): CodeIgniter\Boot::bootWeb(Object(Config\Paths))
CRITICAL - 2026-01-30 07:36:56 --> CodeIgniter\View\Exceptions\ViewException: Invalid file: "Admin\orang-tua.php"
[Method: GET, Route: admin/orangtua]
in SYSTEMPATH\Exceptions\FrameworkException.php on line 39.
 1 SYSTEMPATH\View\View.php(214): CodeIgniter\Exceptions\FrameworkException::forInvalidFile('Admin\\orang-tua.php')
 2 SYSTEMPATH\Common.php(1199): CodeIgniter\View\View->render('Admin\\orang-tua', [], true)
 3 APPPATH\Controllers\Admin\OrangTuaController.php(10): view('Admin\\orang-tua')
 4 SYSTEMPATH\CodeIgniter.php(933): App\Controllers\Admin\OrangTuaController->index()
 5 SYSTEMPATH\CodeIgniter.php(507): CodeIgniter\CodeIgniter->runController(Object(App\Controllers\Admin\OrangTuaController))
 6 SYSTEMPATH\CodeIgniter.php(354): CodeIgniter\CodeIgniter->handleRequest(null, Object(Config\Cache), false)
 7 SYSTEMPATH\Boot.php(363): CodeIgniter\CodeIgniter->run()
 8 SYSTEMPATH\Boot.php(68): CodeIgniter\Boot::runCodeIgniter(Object(CodeIgniter\CodeIgniter))
 9 FCPATH\index.php(59): CodeIgniter\Boot::bootWeb(Object(Config\Paths))
CRITICAL - 2026-01-30 07:55:11 --> CodeIgniter\View\Exceptions\ViewException: Invalid file: "Admin\bank-soal.php"
[Method: GET, Route: guru/bank-soal]
in SYSTEMPATH\Exceptions\FrameworkException.php on line 39.
 1 SYSTEMPATH\View\View.php(214): CodeIgniter\Exceptions\FrameworkException::forInvalidFile('Admin\\bank-soal.php')
 2 SYSTEMPATH\Common.php(1199): CodeIgniter\View\View->render('Admin\\bank-soal', [], true)
 3 APPPATH\Controllers\GuruMapel\BankSoalController.php(10): view('Admin\\bank-soal')
 4 SYSTEMPATH\CodeIgniter.php(933): App\Controllers\GuruMapel\BankSoalController->index()
 5 SYSTEMPATH\CodeIgniter.php(507): CodeIgniter\CodeIgniter->runController(Object(App\Controllers\GuruMapel\BankSoalController))
 6 SYSTEMPATH\CodeIgniter.php(354): CodeIgniter\CodeIgniter->handleRequest(null, Object(Config\Cache), false)
 7 SYSTEMPATH\Boot.php(363): CodeIgniter\CodeIgniter->run()
 8 SYSTEMPATH\Boot.php(68): CodeIgniter\Boot::runCodeIgniter(Object(CodeIgniter\CodeIgniter))
 9 FCPATH\index.php(59): CodeIgniter\Boot::bootWeb(Object(Config\Paths))
CRITICAL - 2026-01-30 08:26:31 --> CodeIgniter\View\Exceptions\ViewException: Invalid file: "layout/header.php"
[Method: GET, Route: admin/akun-saya]
in SYSTEMPATH\Exceptions\FrameworkException.php on line 39.
 1 SYSTEMPATH\View\View.php(214): CodeIgniter\Exceptions\FrameworkException::forInvalidFile('layout/header.php')
 2 SYSTEMPATH\Common.php(1199): CodeIgniter\View\View->render('layout/header', [], true)
 3 APPPATH\Views\Admin\akun-saya.php(19): view('layout/header')
 4 SYSTEMPATH\View\View.php(226): include('D:\\Development\\Servers\\laragon\\www\\raporsmpit\\backend\\app\\Views\\Admin\\akun-saya.php')
 5 SYSTEMPATH\View\View.php(229): CodeIgniter\View\View->CodeIgniter\View\{closure}()
 6 SYSTEMPATH\Common.php(1199): CodeIgniter\View\View->render('Admin\\akun-saya', [], true)
 7 APPPATH\Controllers\Admin\AkunSayaController.php(10): view('Admin\\akun-saya')
 8 SYSTEMPATH\CodeIgniter.php(933): App\Controllers\Admin\AkunSayaController->index()
 9 SYSTEMPATH\CodeIgniter.php(507): CodeIgniter\CodeIgniter->runController(Object(App\Controllers\Admin\AkunSayaController))
10 SYSTEMPATH\CodeIgniter.php(354): CodeIgniter\CodeIgniter->handleRequest(null, Object(Config\Cache), false)
11 SYSTEMPATH\Boot.php(363): CodeIgniter\CodeIgniter->run()
12 SYSTEMPATH\Boot.php(68): CodeIgniter\Boot::runCodeIgniter(Object(CodeIgniter\CodeIgniter))
13 FCPATH\index.php(59): CodeIgniter\Boot::bootWeb(Object(Config\Paths))
CRITICAL - 2026-01-30 08:26:43 --> CodeIgniter\View\Exceptions\ViewException: Invalid file: "layout/header.php"
[Method: GET, Route: admin/akun-saya]
in SYSTEMPATH\Exceptions\FrameworkException.php on line 39.
 1 SYSTEMPATH\View\View.php(214): CodeIgniter\Exceptions\FrameworkException::forInvalidFile('layout/header.php')
 2 SYSTEMPATH\Common.php(1199): CodeIgniter\View\View->render('layout/header', [], true)
 3 APPPATH\Views\Admin\akun-saya.php(19): view('layout/header')
 4 SYSTEMPATH\View\View.php(226): include('D:\\Development\\Servers\\laragon\\www\\raporsmpit\\backend\\app\\Views\\Admin\\akun-saya.php')
 5 SYSTEMPATH\View\View.php(229): CodeIgniter\View\View->CodeIgniter\View\{closure}()
 6 SYSTEMPATH\Common.php(1199): CodeIgniter\View\View->render('Admin\\akun-saya', [], true)
 7 APPPATH\Controllers\Admin\AkunSayaController.php(10): view('Admin\\akun-saya')
 8 SYSTEMPATH\CodeIgniter.php(933): App\Controllers\Admin\AkunSayaController->index()
 9 SYSTEMPATH\CodeIgniter.php(507): CodeIgniter\CodeIgniter->runController(Object(App\Controllers\Admin\AkunSayaController))
10 SYSTEMPATH\CodeIgniter.php(354): CodeIgniter\CodeIgniter->handleRequest(null, Object(Config\Cache), false)
11 SYSTEMPATH\Boot.php(363): CodeIgniter\CodeIgniter->run()
12 SYSTEMPATH\Boot.php(68): CodeIgniter\Boot::runCodeIgniter(Object(CodeIgniter\CodeIgniter))
13 FCPATH\index.php(59): CodeIgniter\Boot::bootWeb(Object(Config\Paths))
CRITICAL - 2026-01-30 08:27:00 --> CodeIgniter\View\Exceptions\ViewException: Invalid file: "layout/header.php"
[Method: GET, Route: admin/akun-saya]
in SYSTEMPATH\Exceptions\FrameworkException.php on line 39.
 1 SYSTEMPATH\View\View.php(214): CodeIgniter\Exceptions\FrameworkException::forInvalidFile('layout/header.php')
 2 SYSTEMPATH\Common.php(1199): CodeIgniter\View\View->render('layout/header', [], true)
 3 APPPATH\Views\Admin\akun-saya.php(19): view('layout/header')
 4 SYSTEMPATH\View\View.php(226): include('D:\\Development\\Servers\\laragon\\www\\raporsmpit\\backend\\app\\Views\\Admin\\akun-saya.php')
 5 SYSTEMPATH\View\View.php(229): CodeIgniter\View\View->CodeIgniter\View\{closure}()
 6 SYSTEMPATH\Common.php(1199): CodeIgniter\View\View->render('Admin\\akun-saya', [], true)
 7 APPPATH\Controllers\Admin\AkunSayaController.php(10): view('Admin\\akun-saya')
 8 SYSTEMPATH\CodeIgniter.php(933): App\Controllers\Admin\AkunSayaController->index()
 9 SYSTEMPATH\CodeIgniter.php(507): CodeIgniter\CodeIgniter->runController(Object(App\Controllers\Admin\AkunSayaController))
10 SYSTEMPATH\CodeIgniter.php(354): CodeIgniter\CodeIgniter->handleRequest(null, Object(Config\Cache), false)
11 SYSTEMPATH\Boot.php(363): CodeIgniter\CodeIgniter->run()
12 SYSTEMPATH\Boot.php(68): CodeIgniter\Boot::runCodeIgniter(Object(CodeIgniter\CodeIgniter))
13 FCPATH\index.php(59): CodeIgniter\Boot::bootWeb(Object(Config\Paths))
CRITICAL - 2026-01-30 08:28:03 --> ParseError: syntax error, unexpected token ";"
[Method: GET, Route: admin/akun-saya]
in APPPATH\Views\Admin\akun-saya.php on line 17.
 1 SYSTEMPATH\View\View.php(229): CodeIgniter\View\View->CodeIgniter\View\{closure}()
 2 SYSTEMPATH\Common.php(1199): CodeIgniter\View\View->render('Admin\\akun-saya', [], true)
 3 APPPATH\Controllers\Admin\AkunSayaController.php(10): view('Admin\\akun-saya')
 4 SYSTEMPATH\CodeIgniter.php(933): App\Controllers\Admin\AkunSayaController->index()
 5 SYSTEMPATH\CodeIgniter.php(507): CodeIgniter\CodeIgniter->runController(Object(App\Controllers\Admin\AkunSayaController))
 6 SYSTEMPATH\CodeIgniter.php(354): CodeIgniter\CodeIgniter->handleRequest(null, Object(Config\Cache), false)
 7 SYSTEMPATH\Boot.php(363): CodeIgniter\CodeIgniter->run()
 8 SYSTEMPATH\Boot.php(68): CodeIgniter\Boot::runCodeIgniter(Object(CodeIgniter\CodeIgniter))
 9 FCPATH\index.php(59): CodeIgniter\Boot::bootWeb(Object(Config\Paths))
CRITICAL - 2026-01-30 08:28:19 --> CodeIgniter\View\Exceptions\ViewException: Invalid file: "layout.php"
[Method: GET, Route: admin/akun-saya]
in SYSTEMPATH\Exceptions\FrameworkException.php on line 39.
 1 SYSTEMPATH\View\View.php(214): CodeIgniter\Exceptions\FrameworkException::forInvalidFile('layout.php')
 2 SYSTEMPATH\Common.php(1199): CodeIgniter\View\View->render('layout', [], true)
 3 APPPATH\Views\Admin\akun-saya.php(17): view('layout')
 4 SYSTEMPATH\View\View.php(226): include('D:\\Development\\Servers\\laragon\\www\\raporsmpit\\backend\\app\\Views\\Admin\\akun-saya.php')
 5 SYSTEMPATH\View\View.php(229): CodeIgniter\View\View->CodeIgniter\View\{closure}()
 6 SYSTEMPATH\Common.php(1199): CodeIgniter\View\View->render('Admin\\akun-saya', [], true)
 7 APPPATH\Controllers\Admin\AkunSayaController.php(10): view('Admin\\akun-saya')
 8 SYSTEMPATH\CodeIgniter.php(933): App\Controllers\Admin\AkunSayaController->index()
 9 SYSTEMPATH\CodeIgniter.php(507): CodeIgniter\CodeIgniter->runController(Object(App\Controllers\Admin\AkunSayaController))
10 SYSTEMPATH\CodeIgniter.php(354): CodeIgniter\CodeIgniter->handleRequest(null, Object(Config\Cache), false)
11 SYSTEMPATH\Boot.php(363): CodeIgniter\CodeIgniter->run()
12 SYSTEMPATH\Boot.php(68): CodeIgniter\Boot::runCodeIgniter(Object(CodeIgniter\CodeIgniter))
13 FCPATH\index.php(59): CodeIgniter\Boot::bootWeb(Object(Config\Paths))
CRITICAL - 2026-01-30 08:34:45 --> CodeIgniter\View\Exceptions\ViewException: Invalid file: "layout/footer.php"
[Method: GET, Route: admin/aturan-nilai]
in SYSTEMPATH\Exceptions\FrameworkException.php on line 39.
 1 SYSTEMPATH\View\View.php(214): CodeIgniter\Exceptions\FrameworkException::forInvalidFile('layout/footer.php')
 2 SYSTEMPATH\Common.php(1199): CodeIgniter\View\View->render('layout/footer', [], true)
 3 APPPATH\Views\Admin\aturan-nilai.php(546): view('layout/footer')
 4 SYSTEMPATH\View\View.php(226): include('D:\\Development\\Servers\\laragon\\www\\raporsmpit\\backend\\app\\Views\\Admin\\aturan-nilai.php')
 5 SYSTEMPATH\View\View.php(229): CodeIgniter\View\View->CodeIgniter\View\{closure}()
 6 SYSTEMPATH\Common.php(1199): CodeIgniter\View\View->render('Admin\\aturan-nilai', [], true)
 7 APPPATH\Controllers\Admin\AturanNilaiController.php(11): view('Admin\\aturan-nilai')
 8 SYSTEMPATH\CodeIgniter.php(933): App\Controllers\Admin\AturanNilaiController->index()
 9 SYSTEMPATH\CodeIgniter.php(507): CodeIgniter\CodeIgniter->runController(Object(App\Controllers\Admin\AturanNilaiController))
10 SYSTEMPATH\CodeIgniter.php(354): CodeIgniter\CodeIgniter->handleRequest(null, Object(Config\Cache), false)
11 SYSTEMPATH\Boot.php(363): CodeIgniter\CodeIgniter->run()
12 SYSTEMPATH\Boot.php(68): CodeIgniter\Boot::runCodeIgniter(Object(CodeIgniter\CodeIgniter))
13 FCPATH\index.php(59): CodeIgniter\Boot::bootWeb(Object(Config\Paths))
CRITICAL - 2026-01-30 08:42:57 --> ParseError: syntax error, unexpected token "=", expecting "]"
[Method: GET, Route: admin/akun-saya]
in APPPATH\Controllers\Admin\AkunSayaController.php on line 12.
 1 VENDORPATH\composer\ClassLoader.php(427): Composer\Autoload\{closure}('D:\\Development\\Servers\\laragon\\www\\raporsmpit\\backend\\vendor\\composer/../../app\\Controllers\\Admin\\AkunSayaController.php')
 2 [internal function]: Composer\Autoload\ClassLoader->loadClass('App\\Controllers\\Admin\\AkunSayaController')
 3 SYSTEMPATH\CodeIgniter.php(885): class_exists('\\App\\Controllers\\Admin\\AkunSayaController', true)
 4 SYSTEMPATH\CodeIgniter.php(494): CodeIgniter\CodeIgniter->startController()
 5 SYSTEMPATH\CodeIgniter.php(354): CodeIgniter\CodeIgniter->handleRequest(null, Object(Config\Cache), false)
 6 SYSTEMPATH\Boot.php(363): CodeIgniter\CodeIgniter->run()
 7 SYSTEMPATH\Boot.php(68): CodeIgniter\Boot::runCodeIgniter(Object(CodeIgniter\CodeIgniter))
 8 FCPATH\index.php(59): CodeIgniter\Boot::bootWeb(Object(Config\Paths))
CRITICAL - 2026-01-30 08:45:11 --> ParseError: syntax error, unexpected token "=", expecting "]"
[Method: GET, Route: admin/akun-saya]
in APPPATH\Controllers\Admin\AkunSayaController.php on line 12.
 1 VENDORPATH\composer\ClassLoader.php(427): Composer\Autoload\{closure}('D:\\Development\\Servers\\laragon\\www\\raporsmpit\\backend\\vendor\\composer/../../app\\Controllers\\Admin\\AkunSayaController.php')
 2 [internal function]: Composer\Autoload\ClassLoader->loadClass('App\\Controllers\\Admin\\AkunSayaController')
 3 SYSTEMPATH\CodeIgniter.php(885): class_exists('\\App\\Controllers\\Admin\\AkunSayaController', true)
 4 SYSTEMPATH\CodeIgniter.php(494): CodeIgniter\CodeIgniter->startController()
 5 SYSTEMPATH\CodeIgniter.php(354): CodeIgniter\CodeIgniter->handleRequest(null, Object(Config\Cache), false)
 6 SYSTEMPATH\Boot.php(363): CodeIgniter\CodeIgniter->run()
 7 SYSTEMPATH\Boot.php(68): CodeIgniter\Boot::runCodeIgniter(Object(CodeIgniter\CodeIgniter))
 8 FCPATH\index.php(59): CodeIgniter\Boot::bootWeb(Object(Config\Paths))
CRITICAL - 2026-01-30 08:58:16 --> ErrorException: Undefined variable $data
[Method: GET, Route: admin/akun-saya]
in APPPATH\Views\Admin\akun-saya.php on line 23.
 1 APPPATH\Views\Admin\akun-saya.php(23): CodeIgniter\Debug\Exceptions->errorHandler(2, 'Undefined variable $data', 'D:\\Development\\Servers\\laragon\\www\\raporsmpit\\backend\\app\\Views\\Admin\\akun-saya.php', 23)
 2 SYSTEMPATH\View\View.php(226): include('D:\\Development\\Servers\\laragon\\www\\raporsmpit\\backend\\app\\Views\\Admin\\akun-saya.php')
 3 SYSTEMPATH\View\View.php(229): CodeIgniter\View\View->CodeIgniter\View\{closure}()
 4 SYSTEMPATH\Common.php(1199): CodeIgniter\View\View->render('Admin\\akun-saya', [], true)
 5 APPPATH\Controllers\Admin\AkunSayaController.php(16): view('Admin\\akun-saya', [...])
 6 SYSTEMPATH\CodeIgniter.php(933): App\Controllers\Admin\AkunSayaController->index()
 7 SYSTEMPATH\CodeIgniter.php(507): CodeIgniter\CodeIgniter->runController(Object(App\Controllers\Admin\AkunSayaController))
 8 SYSTEMPATH\CodeIgniter.php(354): CodeIgniter\CodeIgniter->handleRequest(null, Object(Config\Cache), false)
 9 SYSTEMPATH\Boot.php(363): CodeIgniter\CodeIgniter->run()
10 SYSTEMPATH\Boot.php(68): CodeIgniter\Boot::runCodeIgniter(Object(CodeIgniter\CodeIgniter))
11 FCPATH\index.php(59): CodeIgniter\Boot::bootWeb(Object(Config\Paths))
CRITICAL - 2026-01-30 08:58:58 --> ErrorException: Undefined variable $data
[Method: GET, Route: admin/akun-saya]
in APPPATH\Controllers\Admin\AkunSayaController.php on line 16.
 1 APPPATH\Controllers\Admin\AkunSayaController.php(16): CodeIgniter\Debug\Exceptions->errorHandler(2, 'Undefined variable $data', 'D:\\Development\\Servers\\laragon\\www\\raporsmpit\\backend\\app\\Controllers\\Admin\\AkunSayaController.php', 16)
 2 SYSTEMPATH\CodeIgniter.php(933): App\Controllers\Admin\AkunSayaController->index()
 3 SYSTEMPATH\CodeIgniter.php(507): CodeIgniter\CodeIgniter->runController(Object(App\Controllers\Admin\AkunSayaController))
 4 SYSTEMPATH\CodeIgniter.php(354): CodeIgniter\CodeIgniter->handleRequest(null, Object(Config\Cache), false)
 5 SYSTEMPATH\Boot.php(363): CodeIgniter\CodeIgniter->run()
 6 SYSTEMPATH\Boot.php(68): CodeIgniter\Boot::runCodeIgniter(Object(CodeIgniter\CodeIgniter))
 7 FCPATH\index.php(59): CodeIgniter\Boot::bootWeb(Object(Config\Paths))
