CRITICAL - 2026-04-10 01:51:33 --> Error: Call to a member function getGet() on null
[Method: GET, Route: wali/tahfidz/cetak-rapor/33]
in APPPATH/Controllers/Admin/TahfidzController.php on line 210.
 1 APPPATH/Controllers/WaliKelas/TahfidzController.php(168): App\Controllers\Admin\TahfidzController->cetakRapor()
 2 SYSTEMPATH/CodeIgniter.php(933): App\Controllers\WaliKelas\TahfidzController->cetakRapor()
 3 SYSTEMPATH/CodeIgniter.php(507): CodeIgniter\CodeIgniter->runController()
 4 SYSTEMPATH/CodeIgniter.php(354): CodeIgniter\CodeIgniter->handleRequest()
 5 SYSTEMPATH/Boot.php(363): CodeIgniter\CodeIgniter->run()
 6 SYSTEMPATH/Boot.php(68): CodeIgniter\Boot::runCodeIgniter()
 7 FCPATH/index.php(59): CodeIgniter\Boot::bootWeb()
CRITICAL - 2026-04-10 01:51:44 --> Error: Call to a member function getGet() on null
[Method: GET, Route: wali/tahfidz/cetak-rapor/33]
in APPPATH/Controllers/Admin/TahfidzController.php on line 210.
 1 APPPATH/Controllers/WaliKelas/TahfidzController.php(168): App\Controllers\Admin\TahfidzController->cetakRapor()
 2 SYSTEMPATH/CodeIgniter.php(933): App\Controllers\WaliKelas\TahfidzController->cetakRapor()
 3 SYSTEMPATH/CodeIgniter.php(507): CodeIgniter\CodeIgniter->runController()
 4 SYSTEMPATH/CodeIgniter.php(354): CodeIgniter\CodeIgniter->handleRequest()
 5 SYSTEMPATH/Boot.php(363): CodeIgniter\CodeIgniter->run()
 6 SYSTEMPATH/Boot.php(68): CodeIgniter\Boot::runCodeIgniter()
 7 FCPATH/index.php(59): CodeIgniter\Boot::bootWeb()
CRITICAL - 2026-04-10 01:51:46 --> Error: Call to a member function getGet() on null
[Method: GET, Route: wali/tahfidz/cetak-rapor/33]
in APPPATH/Controllers/Admin/TahfidzController.php on line 210.
 1 APPPATH/Controllers/WaliKelas/TahfidzController.php(168): App\Controllers\Admin\TahfidzController->cetakRapor()
 2 SYSTEMPATH/CodeIgniter.php(933): App\Controllers\WaliKelas\TahfidzController->cetakRapor()
 3 SYSTEMPATH/CodeIgniter.php(507): CodeIgniter\CodeIgniter->runController()
 4 SYSTEMPATH/CodeIgniter.php(354): CodeIgniter\CodeIgniter->handleRequest()
 5 SYSTEMPATH/Boot.php(363): CodeIgniter\CodeIgniter->run()
 6 SYSTEMPATH/Boot.php(68): CodeIgniter\Boot::runCodeIgniter()
 7 FCPATH/index.php(59): CodeIgniter\Boot::bootWeb()
CRITICAL - 2026-04-10 01:51:47 --> Error: Call to a member function getGet() on null
[Method: GET, Route: wali/tahfidz/cetak-rapor/33]
in APPPATH/Controllers/Admin/TahfidzController.php on line 210.
 1 APPPATH/Controllers/WaliKelas/TahfidzController.php(168): App\Controllers\Admin\TahfidzController->cetakRapor()
 2 SYSTEMPATH/CodeIgniter.php(933): App\Controllers\WaliKelas\TahfidzController->cetakRapor()
 3 SYSTEMPATH/CodeIgniter.php(507): CodeIgniter\CodeIgniter->runController()
 4 SYSTEMPATH/CodeIgniter.php(354): CodeIgniter\CodeIgniter->handleRequest()
 5 SYSTEMPATH/Boot.php(363): CodeIgniter\CodeIgniter->run()
 6 SYSTEMPATH/Boot.php(68): CodeIgniter\Boot::runCodeIgniter()
 7 FCPATH/index.php(59): CodeIgniter\Boot::bootWeb()
CRITICAL - 2026-04-10 01:55:31 --> Error: Call to a member function getGet() on null
[Method: GET, Route: tahfidz/nilai-rapor/preview/33]
in APPPATH/Controllers/Admin/TahfidzController.php on line 210.
 1 APPPATH/Controllers/Tahfidz/NilaiRaporController.php(359): App\Controllers\Admin\TahfidzController->cetakRapor()
 2 SYSTEMPATH/CodeIgniter.php(933): App\Controllers\Tahfidz\NilaiRaporController->preview()
 3 SYSTEMPATH/CodeIgniter.php(507): CodeIgniter\CodeIgniter->runController()
 4 SYSTEMPATH/CodeIgniter.php(354): CodeIgniter\CodeIgniter->handleRequest()
 5 SYSTEMPATH/Boot.php(363): CodeIgniter\CodeIgniter->run()
 6 SYSTEMPATH/Boot.php(68): CodeIgniter\Boot::runCodeIgniter()
 7 FCPATH/index.php(59): CodeIgniter\Boot::bootWeb()
CRITICAL - 2026-04-10 01:55:33 --> Error: Call to a member function getGet() on null
[Method: GET, Route: tahfidz/nilai-rapor/preview/33]
in APPPATH/Controllers/Admin/TahfidzController.php on line 210.
 1 APPPATH/Controllers/Tahfidz/NilaiRaporController.php(359): App\Controllers\Admin\TahfidzController->cetakRapor()
 2 SYSTEMPATH/CodeIgniter.php(933): App\Controllers\Tahfidz\NilaiRaporController->preview()
 3 SYSTEMPATH/CodeIgniter.php(507): CodeIgniter\CodeIgniter->runController()
 4 SYSTEMPATH/CodeIgniter.php(354): CodeIgniter\CodeIgniter->handleRequest()
 5 SYSTEMPATH/Boot.php(363): CodeIgniter\CodeIgniter->run()
 6 SYSTEMPATH/Boot.php(68): CodeIgniter\Boot::runCodeIgniter()
 7 FCPATH/index.php(59): CodeIgniter\Boot::bootWeb()
CRITICAL - 2026-04-10 02:13:34 --> Error: Call to a member function getGet() on null
[Method: GET, Route: tahfidz/nilai-rapor/preview/33]
in APPPATH/Controllers/Admin/TahfidzController.php on line 210.
 1 APPPATH/Controllers/Tahfidz/NilaiRaporController.php(359): App\Controllers\Admin\TahfidzController->cetakRapor()
 2 SYSTEMPATH/CodeIgniter.php(933): App\Controllers\Tahfidz\NilaiRaporController->preview()
 3 SYSTEMPATH/CodeIgniter.php(507): CodeIgniter\CodeIgniter->runController()
 4 SYSTEMPATH/CodeIgniter.php(354): CodeIgniter\CodeIgniter->handleRequest()
 5 SYSTEMPATH/Boot.php(363): CodeIgniter\CodeIgniter->run()
 6 SYSTEMPATH/Boot.php(68): CodeIgniter\Boot::runCodeIgniter()
 7 FCPATH/index.php(59): CodeIgniter\Boot::bootWeb()
CRITICAL - 2026-04-10 02:30:27 --> Error: Call to a member function getGet() on null
[Method: GET, Route: tahfidz/nilai-rapor/preview/33]
in APPPATH/Controllers/Admin/TahfidzController.php on line 210.
 1 APPPATH/Controllers/Tahfidz/NilaiRaporController.php(359): App\Controllers\Admin\TahfidzController->cetakRapor()
 2 SYSTEMPATH/CodeIgniter.php(933): App\Controllers\Tahfidz\NilaiRaporController->preview()
 3 SYSTEMPATH/CodeIgniter.php(507): CodeIgniter\CodeIgniter->runController()
 4 SYSTEMPATH/CodeIgniter.php(354): CodeIgniter\CodeIgniter->handleRequest()
 5 SYSTEMPATH/Boot.php(363): CodeIgniter\CodeIgniter->run()
 6 SYSTEMPATH/Boot.php(68): CodeIgniter\Boot::runCodeIgniter()
 7 FCPATH/index.php(59): CodeIgniter\Boot::bootWeb()
CRITICAL - 2026-04-10 02:30:27 --> Error: Call to a member function getGet() on null
[Method: GET, Route: tahfidz/nilai-rapor/preview/33]
in APPPATH/Controllers/Admin/TahfidzController.php on line 210.
 1 APPPATH/Controllers/Tahfidz/NilaiRaporController.php(359): App\Controllers\Admin\TahfidzController->cetakRapor()
 2 SYSTEMPATH/CodeIgniter.php(933): App\Controllers\Tahfidz\NilaiRaporController->preview()
 3 SYSTEMPATH/CodeIgniter.php(507): CodeIgniter\CodeIgniter->runController()
 4 SYSTEMPATH/CodeIgniter.php(354): CodeIgniter\CodeIgniter->handleRequest()
 5 SYSTEMPATH/Boot.php(363): CodeIgniter\CodeIgniter->run()
 6 SYSTEMPATH/Boot.php(68): CodeIgniter\Boot::runCodeIgniter()
 7 FCPATH/index.php(59): CodeIgniter\Boot::bootWeb()
CRITICAL - 2026-04-10 02:30:28 --> Error: Call to a member function getGet() on null
[Method: GET, Route: tahfidz/nilai-rapor/preview/33]
in APPPATH/Controllers/Admin/TahfidzController.php on line 210.
 1 APPPATH/Controllers/Tahfidz/NilaiRaporController.php(359): App\Controllers\Admin\TahfidzController->cetakRapor()
 2 SYSTEMPATH/CodeIgniter.php(933): App\Controllers\Tahfidz\NilaiRaporController->preview()
 3 SYSTEMPATH/CodeIgniter.php(507): CodeIgniter\CodeIgniter->runController()
 4 SYSTEMPATH/CodeIgniter.php(354): CodeIgniter\CodeIgniter->handleRequest()
 5 SYSTEMPATH/Boot.php(363): CodeIgniter\CodeIgniter->run()
 6 SYSTEMPATH/Boot.php(68): CodeIgniter\Boot::runCodeIgniter()
 7 FCPATH/index.php(59): CodeIgniter\Boot::bootWeb()
CRITICAL - 2026-04-10 02:30:52 --> Error: Call to a member function getGet() on null
[Method: GET, Route: tahfidz/nilai-rapor/preview/90]
in APPPATH/Controllers/Admin/TahfidzController.php on line 210.
 1 APPPATH/Controllers/Tahfidz/NilaiRaporController.php(359): App\Controllers\Admin\TahfidzController->cetakRapor()
 2 SYSTEMPATH/CodeIgniter.php(933): App\Controllers\Tahfidz\NilaiRaporController->preview()
 3 SYSTEMPATH/CodeIgniter.php(507): CodeIgniter\CodeIgniter->runController()
 4 SYSTEMPATH/CodeIgniter.php(354): CodeIgniter\CodeIgniter->handleRequest()
 5 SYSTEMPATH/Boot.php(363): CodeIgniter\CodeIgniter->run()
 6 SYSTEMPATH/Boot.php(68): CodeIgniter\Boot::runCodeIgniter()
 7 FCPATH/index.php(59): CodeIgniter\Boot::bootWeb()
CRITICAL - 2026-04-10 02:31:21 --> Error: Call to a member function getGet() on null
[Method: GET, Route: wali/tahfidz/cetak-rapor/282]
in APPPATH/Controllers/Admin/TahfidzController.php on line 210.
 1 APPPATH/Controllers/WaliKelas/TahfidzController.php(168): App\Controllers\Admin\TahfidzController->cetakRapor()
 2 SYSTEMPATH/CodeIgniter.php(933): App\Controllers\WaliKelas\TahfidzController->cetakRapor()
 3 SYSTEMPATH/CodeIgniter.php(507): CodeIgniter\CodeIgniter->runController()
 4 SYSTEMPATH/CodeIgniter.php(354): CodeIgniter\CodeIgniter->handleRequest()
 5 SYSTEMPATH/Boot.php(363): CodeIgniter\CodeIgniter->run()
 6 SYSTEMPATH/Boot.php(68): CodeIgniter\Boot::runCodeIgniter()
 7 FCPATH/index.php(59): CodeIgniter\Boot::bootWeb()
CRITICAL - 2026-04-10 02:31:31 --> Error: Call to a member function getGet() on null
[Method: GET, Route: wali/tahfidz/cetak-rapor/282]
in APPPATH/Controllers/Admin/TahfidzController.php on line 210.
 1 APPPATH/Controllers/WaliKelas/TahfidzController.php(168): App\Controllers\Admin\TahfidzController->cetakRapor()
 2 SYSTEMPATH/CodeIgniter.php(933): App\Controllers\WaliKelas\TahfidzController->cetakRapor()
 3 SYSTEMPATH/CodeIgniter.php(507): CodeIgniter\CodeIgniter->runController()
 4 SYSTEMPATH/CodeIgniter.php(354): CodeIgniter\CodeIgniter->handleRequest()
 5 SYSTEMPATH/Boot.php(363): CodeIgniter\CodeIgniter->run()
 6 SYSTEMPATH/Boot.php(68): CodeIgniter\Boot::runCodeIgniter()
 7 FCPATH/index.php(59): CodeIgniter\Boot::bootWeb()
CRITICAL - 2026-04-10 02:31:33 --> Error: Call to a member function getGet() on null
[Method: GET, Route: wali/tahfidz/cetak-rapor/282]
in APPPATH/Controllers/Admin/TahfidzController.php on line 210.
 1 APPPATH/Controllers/WaliKelas/TahfidzController.php(168): App\Controllers\Admin\TahfidzController->cetakRapor()
 2 SYSTEMPATH/CodeIgniter.php(933): App\Controllers\WaliKelas\TahfidzController->cetakRapor()
 3 SYSTEMPATH/CodeIgniter.php(507): CodeIgniter\CodeIgniter->runController()
 4 SYSTEMPATH/CodeIgniter.php(354): CodeIgniter\CodeIgniter->handleRequest()
 5 SYSTEMPATH/Boot.php(363): CodeIgniter\CodeIgniter->run()
 6 SYSTEMPATH/Boot.php(68): CodeIgniter\Boot::runCodeIgniter()
 7 FCPATH/index.php(59): CodeIgniter\Boot::bootWeb()
CRITICAL - 2026-04-10 02:31:34 --> Error: Call to a member function getGet() on null
[Method: GET, Route: wali/tahfidz/cetak-rapor/282]
in APPPATH/Controllers/Admin/TahfidzController.php on line 210.
 1 APPPATH/Controllers/WaliKelas/TahfidzController.php(168): App\Controllers\Admin\TahfidzController->cetakRapor()
 2 SYSTEMPATH/CodeIgniter.php(933): App\Controllers\WaliKelas\TahfidzController->cetakRapor()
 3 SYSTEMPATH/CodeIgniter.php(507): CodeIgniter\CodeIgniter->runController()
 4 SYSTEMPATH/CodeIgniter.php(354): CodeIgniter\CodeIgniter->handleRequest()
 5 SYSTEMPATH/Boot.php(363): CodeIgniter\CodeIgniter->run()
 6 SYSTEMPATH/Boot.php(68): CodeIgniter\Boot::runCodeIgniter()
 7 FCPATH/index.php(59): CodeIgniter\Boot::bootWeb()
CRITICAL - 2026-04-10 02:33:43 --> Error: Call to a member function getGet() on null
[Method: GET, Route: tahfidz/nilai-rapor/preview/90]
in APPPATH/Controllers/Admin/TahfidzController.php on line 210.
 1 APPPATH/Controllers/Tahfidz/NilaiRaporController.php(359): App\Controllers\Admin\TahfidzController->cetakRapor()
 2 SYSTEMPATH/CodeIgniter.php(933): App\Controllers\Tahfidz\NilaiRaporController->preview()
 3 SYSTEMPATH/CodeIgniter.php(507): CodeIgniter\CodeIgniter->runController()
 4 SYSTEMPATH/CodeIgniter.php(354): CodeIgniter\CodeIgniter->handleRequest()
 5 SYSTEMPATH/Boot.php(363): CodeIgniter\CodeIgniter->run()
 6 SYSTEMPATH/Boot.php(68): CodeIgniter\Boot::runCodeIgniter()
 7 FCPATH/index.php(59): CodeIgniter\Boot::bootWeb()
CRITICAL - 2026-04-10 02:34:13 --> Error: Call to a member function getGet() on null
[Method: GET, Route: tahfidz/nilai-rapor/preview/90]
in APPPATH/Controllers/Admin/TahfidzController.php on line 210.
 1 APPPATH/Controllers/Tahfidz/NilaiRaporController.php(359): App\Controllers\Admin\TahfidzController->cetakRapor()
 2 SYSTEMPATH/CodeIgniter.php(933): App\Controllers\Tahfidz\NilaiRaporController->preview()
 3 SYSTEMPATH/CodeIgniter.php(507): CodeIgniter\CodeIgniter->runController()
 4 SYSTEMPATH/CodeIgniter.php(354): CodeIgniter\CodeIgniter->handleRequest()
 5 SYSTEMPATH/Boot.php(363): CodeIgniter\CodeIgniter->run()
 6 SYSTEMPATH/Boot.php(68): CodeIgniter\Boot::runCodeIgniter()
 7 FCPATH/index.php(59): CodeIgniter\Boot::bootWeb()
ERROR - 2026-04-10 04:30:32 --> mysqli_sql_exception: Unknown column 'theme' in 'field list' in /home/raporsmpit/ropor-smpit/public_html/backend/vendor/codeigniter4/framework/system/Database/MySQLi/Connection.php:327
Stack trace:
#0 /home/raporsmpit/ropor-smpit/public_html/backend/vendor/codeigniter4/framework/system/Database/MySQLi/Connection.php(327): mysqli->query()
#1 /home/raporsmpit/ropor-smpit/public_html/backend/vendor/codeigniter4/framework/system/Database/BaseConnection.php(729): CodeIgniter\Database\MySQLi\Connection->execute()
#2 /home/raporsmpit/ropor-smpit/public_html/backend/vendor/codeigniter4/framework/system/Database/BaseConnection.php(646): CodeIgniter\Database\BaseConnection->simpleQuery()
#3 /home/raporsmpit/ropor-smpit/public_html/backend/vendor/codeigniter4/framework/system/Database/BaseBuilder.php(2521): CodeIgniter\Database\BaseConnection->query()
#4 /home/raporsmpit/ropor-smpit/public_html/backend/app/Controllers/WaliKelas/AkunSayaController.php(210): CodeIgniter\Database\BaseBuilder->update()
#5 /home/raporsmpit/ropor-smpit/public_html/backend/vendor/codeigniter4/framework/system/CodeIgniter.php(933): App\Controllers\WaliKelas\AkunSayaController->updatePreferences()
#6 /home/raporsmpit/ropor-smpit/public_html/backend/vendor/codeigniter4/framework/system/CodeIgniter.php(507): CodeIgniter\CodeIgniter->runController()
#7 /home/raporsmpit/ropor-smpit/public_html/backend/vendor/codeigniter4/framework/system/CodeIgniter.php(354): CodeIgniter\CodeIgniter->handleRequest()
#8 /home/raporsmpit/ropor-smpit/public_html/backend/vendor/codeigniter4/framework/system/Boot.php(363): CodeIgniter\CodeIgniter->run()
#9 /home/raporsmpit/ropor-smpit/public_html/backend/vendor/codeigniter4/framework/system/Boot.php(68): CodeIgniter\Boot::runCodeIgniter()
#10 /home/raporsmpit/ropor-smpit/public_html/backend/public/index.php(59): CodeIgniter\Boot::bootWeb()
#11 {main}
ERROR - 2026-04-10 04:31:15 --> mysqli_sql_exception: Unknown column 'theme' in 'field list' in /home/raporsmpit/ropor-smpit/public_html/backend/vendor/codeigniter4/framework/system/Database/MySQLi/Connection.php:327
Stack trace:
#0 /home/raporsmpit/ropor-smpit/public_html/backend/vendor/codeigniter4/framework/system/Database/MySQLi/Connection.php(327): mysqli->query()
#1 /home/raporsmpit/ropor-smpit/public_html/backend/vendor/codeigniter4/framework/system/Database/BaseConnection.php(729): CodeIgniter\Database\MySQLi\Connection->execute()
#2 /home/raporsmpit/ropor-smpit/public_html/backend/vendor/codeigniter4/framework/system/Database/BaseConnection.php(646): CodeIgniter\Database\BaseConnection->simpleQuery()
#3 /home/raporsmpit/ropor-smpit/public_html/backend/vendor/codeigniter4/framework/system/Database/BaseBuilder.php(2521): CodeIgniter\Database\BaseConnection->query()
#4 /home/raporsmpit/ropor-smpit/public_html/backend/app/Controllers/WaliKelas/AkunSayaController.php(210): CodeIgniter\Database\BaseBuilder->update()
#5 /home/raporsmpit/ropor-smpit/public_html/backend/vendor/codeigniter4/framework/system/CodeIgniter.php(933): App\Controllers\WaliKelas\AkunSayaController->updatePreferences()
#6 /home/raporsmpit/ropor-smpit/public_html/backend/vendor/codeigniter4/framework/system/CodeIgniter.php(507): CodeIgniter\CodeIgniter->runController()
#7 /home/raporsmpit/ropor-smpit/public_html/backend/vendor/codeigniter4/framework/system/CodeIgniter.php(354): CodeIgniter\CodeIgniter->handleRequest()
#8 /home/raporsmpit/ropor-smpit/public_html/backend/vendor/codeigniter4/framework/system/Boot.php(363): CodeIgniter\CodeIgniter->run()
#9 /home/raporsmpit/ropor-smpit/public_html/backend/vendor/codeigniter4/framework/system/Boot.php(68): CodeIgniter\Boot::runCodeIgniter()
#10 /home/raporsmpit/ropor-smpit/public_html/backend/public/index.php(59): CodeIgniter\Boot::bootWeb()
#11 {main}
ERROR - 2026-04-10 04:31:40 --> mysqli_sql_exception: Unknown column 'theme' in 'field list' in /home/raporsmpit/ropor-smpit/public_html/backend/vendor/codeigniter4/framework/system/Database/MySQLi/Connection.php:327
Stack trace:
#0 /home/raporsmpit/ropor-smpit/public_html/backend/vendor/codeigniter4/framework/system/Database/MySQLi/Connection.php(327): mysqli->query()
#1 /home/raporsmpit/ropor-smpit/public_html/backend/vendor/codeigniter4/framework/system/Database/BaseConnection.php(729): CodeIgniter\Database\MySQLi\Connection->execute()
#2 /home/raporsmpit/ropor-smpit/public_html/backend/vendor/codeigniter4/framework/system/Database/BaseConnection.php(646): CodeIgniter\Database\BaseConnection->simpleQuery()
#3 /home/raporsmpit/ropor-smpit/public_html/backend/vendor/codeigniter4/framework/system/Database/BaseBuilder.php(2521): CodeIgniter\Database\BaseConnection->query()
#4 /home/raporsmpit/ropor-smpit/public_html/backend/app/Controllers/WaliKelas/AkunSayaController.php(210): CodeIgniter\Database\BaseBuilder->update()
#5 /home/raporsmpit/ropor-smpit/public_html/backend/vendor/codeigniter4/framework/system/CodeIgniter.php(933): App\Controllers\WaliKelas\AkunSayaController->updatePreferences()
#6 /home/raporsmpit/ropor-smpit/public_html/backend/vendor/codeigniter4/framework/system/CodeIgniter.php(507): CodeIgniter\CodeIgniter->runController()
#7 /home/raporsmpit/ropor-smpit/public_html/backend/vendor/codeigniter4/framework/system/CodeIgniter.php(354): CodeIgniter\CodeIgniter->handleRequest()
#8 /home/raporsmpit/ropor-smpit/public_html/backend/vendor/codeigniter4/framework/system/Boot.php(363): CodeIgniter\CodeIgniter->run()
#9 /home/raporsmpit/ropor-smpit/public_html/backend/vendor/codeigniter4/framework/system/Boot.php(68): CodeIgniter\Boot::runCodeIgniter()
#10 /home/raporsmpit/ropor-smpit/public_html/backend/public/index.php(59): CodeIgniter\Boot::bootWeb()
#11 {main}
CRITICAL - 2026-04-10 04:41:45 --> Error: Call to a member function getGet() on null
[Method: GET, Route: wali/tahfidz/cetak-rapor/33]
in APPPATH/Controllers/Admin/TahfidzController.php on line 210.
 1 APPPATH/Controllers/WaliKelas/TahfidzController.php(168): App\Controllers\Admin\TahfidzController->cetakRapor()
 2 SYSTEMPATH/CodeIgniter.php(933): App\Controllers\WaliKelas\TahfidzController->cetakRapor()
 3 SYSTEMPATH/CodeIgniter.php(507): CodeIgniter\CodeIgniter->runController()
 4 SYSTEMPATH/CodeIgniter.php(354): CodeIgniter\CodeIgniter->handleRequest()
 5 SYSTEMPATH/Boot.php(363): CodeIgniter\CodeIgniter->run()
 6 SYSTEMPATH/Boot.php(68): CodeIgniter\Boot::runCodeIgniter()
 7 FCPATH/index.php(59): CodeIgniter\Boot::bootWeb()
CRITICAL - 2026-04-10 04:52:36 --> Error: Call to a member function getGet() on null
[Method: GET, Route: tahfidz/nilai-rapor/preview/33]
in APPPATH/Controllers/Admin/TahfidzController.php on line 210.
 1 APPPATH/Controllers/Tahfidz/NilaiRaporController.php(359): App\Controllers\Admin\TahfidzController->cetakRapor()
 2 SYSTEMPATH/CodeIgniter.php(933): App\Controllers\Tahfidz\NilaiRaporController->preview()
 3 SYSTEMPATH/CodeIgniter.php(507): CodeIgniter\CodeIgniter->runController()
 4 SYSTEMPATH/CodeIgniter.php(354): CodeIgniter\CodeIgniter->handleRequest()
 5 SYSTEMPATH/Boot.php(363): CodeIgniter\CodeIgniter->run()
 6 SYSTEMPATH/Boot.php(68): CodeIgniter\Boot::runCodeIgniter()
 7 FCPATH/index.php(59): CodeIgniter\Boot::bootWeb()
CRITICAL - 2026-04-10 04:52:38 --> Error: Call to a member function getGet() on null
[Method: GET, Route: tahfidz/nilai-rapor/preview/33]
in APPPATH/Controllers/Admin/TahfidzController.php on line 210.
 1 APPPATH/Controllers/Tahfidz/NilaiRaporController.php(359): App\Controllers\Admin\TahfidzController->cetakRapor()
 2 SYSTEMPATH/CodeIgniter.php(933): App\Controllers\Tahfidz\NilaiRaporController->preview()
 3 SYSTEMPATH/CodeIgniter.php(507): CodeIgniter\CodeIgniter->runController()
 4 SYSTEMPATH/CodeIgniter.php(354): CodeIgniter\CodeIgniter->handleRequest()
 5 SYSTEMPATH/Boot.php(363): CodeIgniter\CodeIgniter->run()
 6 SYSTEMPATH/Boot.php(68): CodeIgniter\Boot::runCodeIgniter()
 7 FCPATH/index.php(59): CodeIgniter\Boot::bootWeb()
CRITICAL - 2026-04-10 04:56:52 --> ErrorException: Trying to access array offset on value of type null
[Method: GET, Route: orangtua/tahfidz]
in APPPATH/Controllers/OrangTua/TahfidzController.php on line 36.
 1 APPPATH/Controllers/OrangTua/TahfidzController.php(36): CodeIgniter\Debug\Exceptions->errorHandler()
 2 SYSTEMPATH/CodeIgniter.php(933): App\Controllers\OrangTua\TahfidzController->index()
 3 SYSTEMPATH/CodeIgniter.php(507): CodeIgniter\CodeIgniter->runController()
 4 SYSTEMPATH/CodeIgniter.php(354): CodeIgniter\CodeIgniter->handleRequest()
 5 SYSTEMPATH/Boot.php(363): CodeIgniter\CodeIgniter->run()
 6 SYSTEMPATH/Boot.php(68): CodeIgniter\Boot::runCodeIgniter()
 7 FCPATH/index.php(59): CodeIgniter\Boot::bootWeb()
ERROR - 2026-04-10 04:58:03 --> mysqli_sql_exception: Cannot add or update a child row: a foreign key constraint fails (`raporsmpit`.`users`, CONSTRAINT `users_ibfk_1` FOREIGN KEY (`role_id`) REFERENCES `roles` (`id`) ON DELETE SET NULL) in /home/raporsmpit/ropor-smpit/public_html/backend/vendor/codeigniter4/framework/system/Database/MySQLi/Connection.php:327
Stack trace:
#0 /home/raporsmpit/ropor-smpit/public_html/backend/vendor/codeigniter4/framework/system/Database/MySQLi/Connection.php(327): mysqli->query()
#1 /home/raporsmpit/ropor-smpit/public_html/backend/vendor/codeigniter4/framework/system/Database/BaseConnection.php(729): CodeIgniter\Database\MySQLi\Connection->execute()
#2 /home/raporsmpit/ropor-smpit/public_html/backend/vendor/codeigniter4/framework/system/Database/BaseConnection.php(646): CodeIgniter\Database\BaseConnection->simpleQuery()
#3 /home/raporsmpit/ropor-smpit/public_html/backend/vendor/codeigniter4/framework/system/Database/BaseBuilder.php(2521): CodeIgniter\Database\BaseConnection->query()
#4 /home/raporsmpit/ropor-smpit/public_html/backend/app/Controllers/Admin/UsersController.php(316): CodeIgniter\Database\BaseBuilder->update()
#5 /home/raporsmpit/ropor-smpit/public_html/backend/vendor/codeigniter4/framework/system/CodeIgniter.php(933): App\Controllers\Admin\UsersController->updateInlineRoles()
#6 /home/raporsmpit/ropor-smpit/public_html/backend/vendor/codeigniter4/framework/system/CodeIgniter.php(507): CodeIgniter\CodeIgniter->runController()
#7 /home/raporsmpit/ropor-smpit/public_html/backend/vendor/codeigniter4/framework/system/CodeIgniter.php(354): CodeIgniter\CodeIgniter->handleRequest()
#8 /home/raporsmpit/ropor-smpit/public_html/backend/vendor/codeigniter4/framework/system/Boot.php(363): CodeIgniter\CodeIgniter->run()
#9 /home/raporsmpit/ropor-smpit/public_html/backend/vendor/codeigniter4/framework/system/Boot.php(68): CodeIgniter\Boot::runCodeIgniter()
#10 /home/raporsmpit/ropor-smpit/public_html/backend/public/index.php(59): CodeIgniter\Boot::bootWeb()
#11 {main}
CRITICAL - 2026-04-10 09:04:54 --> Error: Call to a member function getGet() on null
[Method: GET, Route: wali/tahfidz/cetak-rapor/33]
in APPPATH/Controllers/Admin/TahfidzController.php on line 210.
 1 APPPATH/Controllers/WaliKelas/TahfidzController.php(168): App\Controllers\Admin\TahfidzController->cetakRapor()
 2 SYSTEMPATH/CodeIgniter.php(933): App\Controllers\WaliKelas\TahfidzController->cetakRapor()
 3 SYSTEMPATH/CodeIgniter.php(507): CodeIgniter\CodeIgniter->runController()
 4 SYSTEMPATH/CodeIgniter.php(354): CodeIgniter\CodeIgniter->handleRequest()
 5 SYSTEMPATH/Boot.php(363): CodeIgniter\CodeIgniter->run()
 6 SYSTEMPATH/Boot.php(68): CodeIgniter\Boot::runCodeIgniter()
 7 FCPATH/index.php(59): CodeIgniter\Boot::bootWeb()
CRITICAL - 2026-04-10 09:09:33 --> Error: Call to a member function getGet() on null
[Method: GET, Route: wali/tahfidz/cetak-rapor/33]
in APPPATH/Controllers/Admin/TahfidzController.php on line 210.
 1 APPPATH/Controllers/WaliKelas/TahfidzController.php(168): App\Controllers\Admin\TahfidzController->cetakRapor()
 2 SYSTEMPATH/CodeIgniter.php(933): App\Controllers\WaliKelas\TahfidzController->cetakRapor()
 3 SYSTEMPATH/CodeIgniter.php(507): CodeIgniter\CodeIgniter->runController()
 4 SYSTEMPATH/CodeIgniter.php(354): CodeIgniter\CodeIgniter->handleRequest()
 5 SYSTEMPATH/Boot.php(363): CodeIgniter\CodeIgniter->run()
 6 SYSTEMPATH/Boot.php(68): CodeIgniter\Boot::runCodeIgniter()
 7 FCPATH/index.php(59): CodeIgniter\Boot::bootWeb()
CRITICAL - 2026-04-10 09:09:35 --> Error: Call to a member function getGet() on null
[Method: GET, Route: wali/tahfidz/cetak-rapor/33]
in APPPATH/Controllers/Admin/TahfidzController.php on line 210.
 1 APPPATH/Controllers/WaliKelas/TahfidzController.php(168): App\Controllers\Admin\TahfidzController->cetakRapor()
 2 SYSTEMPATH/CodeIgniter.php(933): App\Controllers\WaliKelas\TahfidzController->cetakRapor()
 3 SYSTEMPATH/CodeIgniter.php(507): CodeIgniter\CodeIgniter->runController()
 4 SYSTEMPATH/CodeIgniter.php(354): CodeIgniter\CodeIgniter->handleRequest()
 5 SYSTEMPATH/Boot.php(363): CodeIgniter\CodeIgniter->run()
 6 SYSTEMPATH/Boot.php(68): CodeIgniter\Boot::runCodeIgniter()
 7 FCPATH/index.php(59): CodeIgniter\Boot::bootWeb()
ERROR - 2026-04-10 09:09:50 --> mysqli_sql_exception: Unknown column 'theme' in 'field list' in /home/raporsmpit/ropor-smpit/public_html/backend/vendor/codeigniter4/framework/system/Database/MySQLi/Connection.php:327
Stack trace:
#0 /home/raporsmpit/ropor-smpit/public_html/backend/vendor/codeigniter4/framework/system/Database/MySQLi/Connection.php(327): mysqli->query()
#1 /home/raporsmpit/ropor-smpit/public_html/backend/vendor/codeigniter4/framework/system/Database/BaseConnection.php(729): CodeIgniter\Database\MySQLi\Connection->execute()
#2 /home/raporsmpit/ropor-smpit/public_html/backend/vendor/codeigniter4/framework/system/Database/BaseConnection.php(646): CodeIgniter\Database\BaseConnection->simpleQuery()
#3 /home/raporsmpit/ropor-smpit/public_html/backend/vendor/codeigniter4/framework/system/Database/BaseBuilder.php(2521): CodeIgniter\Database\BaseConnection->query()
#4 /home/raporsmpit/ropor-smpit/public_html/backend/app/Controllers/WaliKelas/AkunSayaController.php(210): CodeIgniter\Database\BaseBuilder->update()
#5 /home/raporsmpit/ropor-smpit/public_html/backend/vendor/codeigniter4/framework/system/CodeIgniter.php(933): App\Controllers\WaliKelas\AkunSayaController->updatePreferences()
#6 /home/raporsmpit/ropor-smpit/public_html/backend/vendor/codeigniter4/framework/system/CodeIgniter.php(507): CodeIgniter\CodeIgniter->runController()
#7 /home/raporsmpit/ropor-smpit/public_html/backend/vendor/codeigniter4/framework/system/CodeIgniter.php(354): CodeIgniter\CodeIgniter->handleRequest()
#8 /home/raporsmpit/ropor-smpit/public_html/backend/vendor/codeigniter4/framework/system/Boot.php(363): CodeIgniter\CodeIgniter->run()
#9 /home/raporsmpit/ropor-smpit/public_html/backend/vendor/codeigniter4/framework/system/Boot.php(68): CodeIgniter\Boot::runCodeIgniter()
#10 /home/raporsmpit/ropor-smpit/public_html/backend/public/index.php(59): CodeIgniter\Boot::bootWeb()
#11 {main}
ERROR - 2026-04-10 09:10:30 --> mysqli_sql_exception: Unknown column 'theme' in 'field list' in /home/raporsmpit/ropor-smpit/public_html/backend/vendor/codeigniter4/framework/system/Database/MySQLi/Connection.php:327
Stack trace:
#0 /home/raporsmpit/ropor-smpit/public_html/backend/vendor/codeigniter4/framework/system/Database/MySQLi/Connection.php(327): mysqli->query()
#1 /home/raporsmpit/ropor-smpit/public_html/backend/vendor/codeigniter4/framework/system/Database/BaseConnection.php(729): CodeIgniter\Database\MySQLi\Connection->execute()
#2 /home/raporsmpit/ropor-smpit/public_html/backend/vendor/codeigniter4/framework/system/Database/BaseConnection.php(646): CodeIgniter\Database\BaseConnection->simpleQuery()
#3 /home/raporsmpit/ropor-smpit/public_html/backend/vendor/codeigniter4/framework/system/Database/BaseBuilder.php(2521): CodeIgniter\Database\BaseConnection->query()
#4 /home/raporsmpit/ropor-smpit/public_html/backend/app/Controllers/WaliKelas/AkunSayaController.php(210): CodeIgniter\Database\BaseBuilder->update()
#5 /home/raporsmpit/ropor-smpit/public_html/backend/vendor/codeigniter4/framework/system/CodeIgniter.php(933): App\Controllers\WaliKelas\AkunSayaController->updatePreferences()
#6 /home/raporsmpit/ropor-smpit/public_html/backend/vendor/codeigniter4/framework/system/CodeIgniter.php(507): CodeIgniter\CodeIgniter->runController()
#7 /home/raporsmpit/ropor-smpit/public_html/backend/vendor/codeigniter4/framework/system/CodeIgniter.php(354): CodeIgniter\CodeIgniter->handleRequest()
#8 /home/raporsmpit/ropor-smpit/public_html/backend/vendor/codeigniter4/framework/system/Boot.php(363): CodeIgniter\CodeIgniter->run()
#9 /home/raporsmpit/ropor-smpit/public_html/backend/vendor/codeigniter4/framework/system/Boot.php(68): CodeIgniter\Boot::runCodeIgniter()
#10 /home/raporsmpit/ropor-smpit/public_html/backend/public/index.php(59): CodeIgniter\Boot::bootWeb()
#11 {main}
CRITICAL - 2026-04-10 10:14:21 --> Error: Call to a member function getGet() on null
[Method: GET, Route: wali/tahfidz/cetak-rapor/33]
in APPPATH/Controllers/Admin/TahfidzController.php on line 210.
 1 APPPATH/Controllers/WaliKelas/TahfidzController.php(168): App\Controllers\Admin\TahfidzController->cetakRapor()
 2 SYSTEMPATH/CodeIgniter.php(933): App\Controllers\WaliKelas\TahfidzController->cetakRapor()
 3 SYSTEMPATH/CodeIgniter.php(507): CodeIgniter\CodeIgniter->runController()
 4 SYSTEMPATH/CodeIgniter.php(354): CodeIgniter\CodeIgniter->handleRequest()
 5 SYSTEMPATH/Boot.php(363): CodeIgniter\CodeIgniter->run()
 6 SYSTEMPATH/Boot.php(68): CodeIgniter\Boot::runCodeIgniter()
 7 FCPATH/index.php(59): CodeIgniter\Boot::bootWeb()
CRITICAL - 2026-04-10 10:57:38 --> Error: Call to a member function getGet() on null
[Method: GET, Route: wali/tahfidz/cetak-rapor/33]
in APPPATH/Controllers/Admin/TahfidzController.php on line 210.
 1 APPPATH/Controllers/WaliKelas/TahfidzController.php(168): App\Controllers\Admin\TahfidzController->cetakRapor()
 2 SYSTEMPATH/CodeIgniter.php(933): App\Controllers\WaliKelas\TahfidzController->cetakRapor()
 3 SYSTEMPATH/CodeIgniter.php(507): CodeIgniter\CodeIgniter->runController()
 4 SYSTEMPATH/CodeIgniter.php(354): CodeIgniter\CodeIgniter->handleRequest()
 5 SYSTEMPATH/Boot.php(363): CodeIgniter\CodeIgniter->run()
 6 SYSTEMPATH/Boot.php(68): CodeIgniter\Boot::runCodeIgniter()
 7 FCPATH/index.php(59): CodeIgniter\Boot::bootWeb()
CRITICAL - 2026-04-10 10:57:42 --> Error: Call to a member function getGet() on null
[Method: GET, Route: wali/tahfidz/cetak-rapor/33]
in APPPATH/Controllers/Admin/TahfidzController.php on line 210.
 1 APPPATH/Controllers/WaliKelas/TahfidzController.php(168): App\Controllers\Admin\TahfidzController->cetakRapor()
 2 SYSTEMPATH/CodeIgniter.php(933): App\Controllers\WaliKelas\TahfidzController->cetakRapor()
 3 SYSTEMPATH/CodeIgniter.php(507): CodeIgniter\CodeIgniter->runController()
 4 SYSTEMPATH/CodeIgniter.php(354): CodeIgniter\CodeIgniter->handleRequest()
 5 SYSTEMPATH/Boot.php(363): CodeIgniter\CodeIgniter->run()
 6 SYSTEMPATH/Boot.php(68): CodeIgniter\Boot::runCodeIgniter()
 7 FCPATH/index.php(59): CodeIgniter\Boot::bootWeb()
CRITICAL - 2026-04-10 10:57:43 --> Error: Call to a member function getGet() on null
[Method: GET, Route: wali/tahfidz/cetak-rapor/33]
in APPPATH/Controllers/Admin/TahfidzController.php on line 210.
 1 APPPATH/Controllers/WaliKelas/TahfidzController.php(168): App\Controllers\Admin\TahfidzController->cetakRapor()
 2 SYSTEMPATH/CodeIgniter.php(933): App\Controllers\WaliKelas\TahfidzController->cetakRapor()
 3 SYSTEMPATH/CodeIgniter.php(507): CodeIgniter\CodeIgniter->runController()
 4 SYSTEMPATH/CodeIgniter.php(354): CodeIgniter\CodeIgniter->handleRequest()
 5 SYSTEMPATH/Boot.php(363): CodeIgniter\CodeIgniter->run()
 6 SYSTEMPATH/Boot.php(68): CodeIgniter\Boot::runCodeIgniter()
 7 FCPATH/index.php(59): CodeIgniter\Boot::bootWeb()
CRITICAL - 2026-04-10 10:58:40 --> Error: Call to a member function getGet() on null
[Method: GET, Route: tahfidz/nilai-rapor/preview/90]
in APPPATH/Controllers/Admin/TahfidzController.php on line 210.
 1 APPPATH/Controllers/Tahfidz/NilaiRaporController.php(359): App\Controllers\Admin\TahfidzController->cetakRapor()
 2 SYSTEMPATH/CodeIgniter.php(933): App\Controllers\Tahfidz\NilaiRaporController->preview()
 3 SYSTEMPATH/CodeIgniter.php(507): CodeIgniter\CodeIgniter->runController()
 4 SYSTEMPATH/CodeIgniter.php(354): CodeIgniter\CodeIgniter->handleRequest()
 5 SYSTEMPATH/Boot.php(363): CodeIgniter\CodeIgniter->run()
 6 SYSTEMPATH/Boot.php(68): CodeIgniter\Boot::runCodeIgniter()
 7 FCPATH/index.php(59): CodeIgniter\Boot::bootWeb()
CRITICAL - 2026-04-10 14:46:54 --> Error: Call to a member function getGet() on null
[Method: GET, Route: wali/tahfidz/cetak-rapor/33]
in APPPATH/Controllers/Admin/TahfidzController.php on line 210.
 1 APPPATH/Controllers/WaliKelas/TahfidzController.php(168): App\Controllers\Admin\TahfidzController->cetakRapor()
 2 SYSTEMPATH/CodeIgniter.php(933): App\Controllers\WaliKelas\TahfidzController->cetakRapor()
 3 SYSTEMPATH/CodeIgniter.php(507): CodeIgniter\CodeIgniter->runController()
 4 SYSTEMPATH/CodeIgniter.php(354): CodeIgniter\CodeIgniter->handleRequest()
 5 SYSTEMPATH/Boot.php(363): CodeIgniter\CodeIgniter->run()
 6 SYSTEMPATH/Boot.php(68): CodeIgniter\Boot::runCodeIgniter()
 7 FCPATH/index.php(59): CodeIgniter\Boot::bootWeb()
CRITICAL - 2026-04-10 14:46:57 --> Error: Call to a member function getGet() on null
[Method: GET, Route: wali/tahfidz/cetak-rapor/33]
in APPPATH/Controllers/Admin/TahfidzController.php on line 210.
 1 APPPATH/Controllers/WaliKelas/TahfidzController.php(168): App\Controllers\Admin\TahfidzController->cetakRapor()
 2 SYSTEMPATH/CodeIgniter.php(933): App\Controllers\WaliKelas\TahfidzController->cetakRapor()
 3 SYSTEMPATH/CodeIgniter.php(507): CodeIgniter\CodeIgniter->runController()
 4 SYSTEMPATH/CodeIgniter.php(354): CodeIgniter\CodeIgniter->handleRequest()
 5 SYSTEMPATH/Boot.php(363): CodeIgniter\CodeIgniter->run()
 6 SYSTEMPATH/Boot.php(68): CodeIgniter\Boot::runCodeIgniter()
 7 FCPATH/index.php(59): CodeIgniter\Boot::bootWeb()
CRITICAL - 2026-04-10 14:46:57 --> Error: Call to a member function getGet() on null
[Method: GET, Route: wali/tahfidz/cetak-rapor/33]
in APPPATH/Controllers/Admin/TahfidzController.php on line 210.
 1 APPPATH/Controllers/WaliKelas/TahfidzController.php(168): App\Controllers\Admin\TahfidzController->cetakRapor()
 2 SYSTEMPATH/CodeIgniter.php(933): App\Controllers\WaliKelas\TahfidzController->cetakRapor()
 3 SYSTEMPATH/CodeIgniter.php(507): CodeIgniter\CodeIgniter->runController()
 4 SYSTEMPATH/CodeIgniter.php(354): CodeIgniter\CodeIgniter->handleRequest()
 5 SYSTEMPATH/Boot.php(363): CodeIgniter\CodeIgniter->run()
 6 SYSTEMPATH/Boot.php(68): CodeIgniter\Boot::runCodeIgniter()
 7 FCPATH/index.php(59): CodeIgniter\Boot::bootWeb()
CRITICAL - 2026-04-10 14:47:06 --> Error: Call to a member function getGet() on null
[Method: GET, Route: wali/tahfidz/cetak-rapor/33]
in APPPATH/Controllers/Admin/TahfidzController.php on line 210.
 1 APPPATH/Controllers/WaliKelas/TahfidzController.php(168): App\Controllers\Admin\TahfidzController->cetakRapor()
 2 SYSTEMPATH/CodeIgniter.php(933): App\Controllers\WaliKelas\TahfidzController->cetakRapor()
 3 SYSTEMPATH/CodeIgniter.php(507): CodeIgniter\CodeIgniter->runController()
 4 SYSTEMPATH/CodeIgniter.php(354): CodeIgniter\CodeIgniter->handleRequest()
 5 SYSTEMPATH/Boot.php(363): CodeIgniter\CodeIgniter->run()
 6 SYSTEMPATH/Boot.php(68): CodeIgniter\Boot::runCodeIgniter()
 7 FCPATH/index.php(59): CodeIgniter\Boot::bootWeb()
