ERROR - 2026-04-23 03:37:06 --> mysqli_sql_exception: Cannot add or update a child row: a foreign key constraint fails (`raporsmpit`.`users`, CONSTRAINT `users_ibfk_1` FOREIGN KEY (`role_id`) REFERENCES `roles` (`id`) ON DELETE SET NULL) in /home/raporsmpit/ropor-smpit/public_html/backend/vendor/codeigniter4/framework/system/Database/MySQLi/Connection.php:327
Stack trace:
#0 /home/raporsmpit/ropor-smpit/public_html/backend/vendor/codeigniter4/framework/system/Database/MySQLi/Connection.php(327): mysqli->query()
#1 /home/raporsmpit/ropor-smpit/public_html/backend/vendor/codeigniter4/framework/system/Database/BaseConnection.php(729): CodeIgniter\Database\MySQLi\Connection->execute()
#2 /home/raporsmpit/ropor-smpit/public_html/backend/vendor/codeigniter4/framework/system/Database/BaseConnection.php(646): CodeIgniter\Database\BaseConnection->simpleQuery()
#3 /home/raporsmpit/ropor-smpit/public_html/backend/vendor/codeigniter4/framework/system/Database/BaseBuilder.php(2521): CodeIgniter\Database\BaseConnection->query()
#4 /home/raporsmpit/ropor-smpit/public_html/backend/app/Controllers/Admin/UsersController.php(316): CodeIgniter\Database\BaseBuilder->update()
#5 /home/raporsmpit/ropor-smpit/public_html/backend/vendor/codeigniter4/framework/system/CodeIgniter.php(933): App\Controllers\Admin\UsersController->updateInlineRoles()
#6 /home/raporsmpit/ropor-smpit/public_html/backend/vendor/codeigniter4/framework/system/CodeIgniter.php(507): CodeIgniter\CodeIgniter->runController()
#7 /home/raporsmpit/ropor-smpit/public_html/backend/vendor/codeigniter4/framework/system/CodeIgniter.php(354): CodeIgniter\CodeIgniter->handleRequest()
#8 /home/raporsmpit/ropor-smpit/public_html/backend/vendor/codeigniter4/framework/system/Boot.php(363): CodeIgniter\CodeIgniter->run()
#9 /home/raporsmpit/ropor-smpit/public_html/backend/vendor/codeigniter4/framework/system/Boot.php(68): CodeIgniter\Boot::runCodeIgniter()
#10 /home/raporsmpit/ropor-smpit/public_html/backend/public/index.php(59): CodeIgniter\Boot::bootWeb()
#11 {main}
ERROR - 2026-04-23 07:45:43 --> mysqli_sql_exception: Duplicate entry 'fatimahhasibuan245@gmail.com' for key 'guru_tendik.email' in /home/raporsmpit/ropor-smpit/public_html/backend/vendor/codeigniter4/framework/system/Database/MySQLi/Connection.php:327
Stack trace:
#0 /home/raporsmpit/ropor-smpit/public_html/backend/vendor/codeigniter4/framework/system/Database/MySQLi/Connection.php(327): mysqli->query()
#1 /home/raporsmpit/ropor-smpit/public_html/backend/vendor/codeigniter4/framework/system/Database/BaseConnection.php(729): CodeIgniter\Database\MySQLi\Connection->execute()
#2 /home/raporsmpit/ropor-smpit/public_html/backend/vendor/codeigniter4/framework/system/Database/BaseConnection.php(646): CodeIgniter\Database\BaseConnection->simpleQuery()
#3 /home/raporsmpit/ropor-smpit/public_html/backend/vendor/codeigniter4/framework/system/Database/BaseBuilder.php(2345): CodeIgniter\Database\BaseConnection->query()
#4 /home/raporsmpit/ropor-smpit/public_html/backend/app/Controllers/Admin/GuruTendikController.php(300): CodeIgniter\Database\BaseBuilder->insert()
#5 /home/raporsmpit/ropor-smpit/public_html/backend/vendor/codeigniter4/framework/system/CodeIgniter.php(933): App\Controllers\Admin\GuruTendikController->store()
#6 /home/raporsmpit/ropor-smpit/public_html/backend/vendor/codeigniter4/framework/system/CodeIgniter.php(507): CodeIgniter\CodeIgniter->runController()
#7 /home/raporsmpit/ropor-smpit/public_html/backend/vendor/codeigniter4/framework/system/CodeIgniter.php(354): CodeIgniter\CodeIgniter->handleRequest()
#8 /home/raporsmpit/ropor-smpit/public_html/backend/vendor/codeigniter4/framework/system/Boot.php(363): CodeIgniter\CodeIgniter->run()
#9 /home/raporsmpit/ropor-smpit/public_html/backend/vendor/codeigniter4/framework/system/Boot.php(68): CodeIgniter\Boot::runCodeIgniter()
#10 /home/raporsmpit/ropor-smpit/public_html/backend/public/index.php(59): CodeIgniter\Boot::bootWeb()
#11 {main}
ERROR - 2026-04-23 07:45:48 --> mysqli_sql_exception: Duplicate entry 'fatimahhasibuan245@gmail.com' for key 'guru_tendik.email' in /home/raporsmpit/ropor-smpit/public_html/backend/vendor/codeigniter4/framework/system/Database/MySQLi/Connection.php:327
Stack trace:
#0 /home/raporsmpit/ropor-smpit/public_html/backend/vendor/codeigniter4/framework/system/Database/MySQLi/Connection.php(327): mysqli->query()
#1 /home/raporsmpit/ropor-smpit/public_html/backend/vendor/codeigniter4/framework/system/Database/BaseConnection.php(729): CodeIgniter\Database\MySQLi\Connection->execute()
#2 /home/raporsmpit/ropor-smpit/public_html/backend/vendor/codeigniter4/framework/system/Database/BaseConnection.php(646): CodeIgniter\Database\BaseConnection->simpleQuery()
#3 /home/raporsmpit/ropor-smpit/public_html/backend/vendor/codeigniter4/framework/system/Database/BaseBuilder.php(2345): CodeIgniter\Database\BaseConnection->query()
#4 /home/raporsmpit/ropor-smpit/public_html/backend/app/Controllers/Admin/GuruTendikController.php(300): CodeIgniter\Database\BaseBuilder->insert()
#5 /home/raporsmpit/ropor-smpit/public_html/backend/vendor/codeigniter4/framework/system/CodeIgniter.php(933): App\Controllers\Admin\GuruTendikController->store()
#6 /home/raporsmpit/ropor-smpit/public_html/backend/vendor/codeigniter4/framework/system/CodeIgniter.php(507): CodeIgniter\CodeIgniter->runController()
#7 /home/raporsmpit/ropor-smpit/public_html/backend/vendor/codeigniter4/framework/system/CodeIgniter.php(354): CodeIgniter\CodeIgniter->handleRequest()
#8 /home/raporsmpit/ropor-smpit/public_html/backend/vendor/codeigniter4/framework/system/Boot.php(363): CodeIgniter\CodeIgniter->run()
#9 /home/raporsmpit/ropor-smpit/public_html/backend/vendor/codeigniter4/framework/system/Boot.php(68): CodeIgniter\Boot::runCodeIgniter()
#10 /home/raporsmpit/ropor-smpit/public_html/backend/public/index.php(59): CodeIgniter\Boot::bootWeb()
#11 {main}
ERROR - 2026-04-23 08:06:31 --> mysqli_sql_exception: Cannot add or update a child row: a foreign key constraint fails (`raporsmpit`.`users`, CONSTRAINT `users_ibfk_1` FOREIGN KEY (`role_id`) REFERENCES `roles` (`id`) ON DELETE SET NULL) in /home/raporsmpit/ropor-smpit/public_html/backend/vendor/codeigniter4/framework/system/Database/MySQLi/Connection.php:327
Stack trace:
#0 /home/raporsmpit/ropor-smpit/public_html/backend/vendor/codeigniter4/framework/system/Database/MySQLi/Connection.php(327): mysqli->query()
#1 /home/raporsmpit/ropor-smpit/public_html/backend/vendor/codeigniter4/framework/system/Database/BaseConnection.php(729): CodeIgniter\Database\MySQLi\Connection->execute()
#2 /home/raporsmpit/ropor-smpit/public_html/backend/vendor/codeigniter4/framework/system/Database/BaseConnection.php(646): CodeIgniter\Database\BaseConnection->simpleQuery()
#3 /home/raporsmpit/ropor-smpit/public_html/backend/vendor/codeigniter4/framework/system/Database/BaseBuilder.php(2521): CodeIgniter\Database\BaseConnection->query()
#4 /home/raporsmpit/ropor-smpit/public_html/backend/app/Controllers/Admin/UsersController.php(316): CodeIgniter\Database\BaseBuilder->update()
#5 /home/raporsmpit/ropor-smpit/public_html/backend/vendor/codeigniter4/framework/system/CodeIgniter.php(933): App\Controllers\Admin\UsersController->updateInlineRoles()
#6 /home/raporsmpit/ropor-smpit/public_html/backend/vendor/codeigniter4/framework/system/CodeIgniter.php(507): CodeIgniter\CodeIgniter->runController()
#7 /home/raporsmpit/ropor-smpit/public_html/backend/vendor/codeigniter4/framework/system/CodeIgniter.php(354): CodeIgniter\CodeIgniter->handleRequest()
#8 /home/raporsmpit/ropor-smpit/public_html/backend/vendor/codeigniter4/framework/system/Boot.php(363): CodeIgniter\CodeIgniter->run()
#9 /home/raporsmpit/ropor-smpit/public_html/backend/vendor/codeigniter4/framework/system/Boot.php(68): CodeIgniter\Boot::runCodeIgniter()
#10 /home/raporsmpit/ropor-smpit/public_html/backend/public/index.php(59): CodeIgniter\Boot::bootWeb()
#11 {main}
